PUPPET_COMMAND_START
 [WARNING]: Invalid characters were found in group names but not replaced, use
-vvvv to see details

PLAY [puppmaster-b2b] **********************************************************


TASK [puppetmaster : Read hostvars] ********************************************
changed: [puppmaster-b2b -> localhost]

TASK [puppetmaster : Create Json Template] *************************************
skipping: [puppmaster-b2b]


TASK [puppetmaster : Append Json Data] *****************************************
skipping: [puppmaster-b2b]

TASK [puppetmaster : remove ansible block] *************************************

skipping: [puppmaster-b2b]

TASK [puppetmaster : get value for iptables] ***********************************
changed: [puppmaster-b2b -> localhost]


TASK [puppetmaster : check data] ***********************************************
ok: [puppmaster-b2b -> localhost]

TASK [puppetmaster : get value for ssh_keys] ***********************************
changed: [puppmaster-b2b -> localhost]


TASK [puppetmaster : check data] ***********************************************
ok: [puppmaster-b2b -> localhost]

TASK [puppetmaster : get value for filebeat] ***********************************

changed: [puppmaster-b2b -> localhost]

TASK [puppetmaster : check data] ***********************************************
ok: [puppmaster-b2b -> localhost]


TASK [puppetmaster : stat] *****************************************************
skipping: [puppmaster-b2b]

TASK [puppetmaster : debug] ****************************************************
skipping: [puppmaster-b2b]


TASK [puppetmaster : stat] *****************************************************
ok: [puppmaster-b2b -> localhost]

TASK [puppetmaster : debug] ****************************************************

skipping: [puppmaster-b2b]

TASK [puppetmaster : stat] *****************************************************
ok: [puppmaster-b2b -> localhost]


TASK [puppetmaster : debug] ****************************************************
skipping: [puppmaster-b2b]

TASK [puppetmaster : stat] *****************************************************
skipping: [puppmaster-b2b]


TASK [puppetmaster : debug] ****************************************************
skipping: [puppmaster-b2b]

TASK [puppetmaster : set_fact] *************************************************

ok: [puppmaster-b2b]

TASK [puppetmaster : include_tasks] ********************************************
included: /ansible/puppet/roles/puppetmaster/tasks/puppetcreate.yml for puppmaster-b2b


TASK [puppetmaster : Create sub directory] *************************************
changed: [puppmaster-b2b] => (item=modules)
changed: [puppmaster-b2b] => (item=manifests)

TASK [puppetmaster : Create IPTABLES Modules Manifests subdirectory] ***********

skipping: [puppmaster-b2b] => (item=manifests) 
skipping: [puppmaster-b2b] => (item=templates) 

TASK [puppetmaster : Create SSH_KEYS Modules Manifests subdirectory] ***********
changed: [puppmaster-b2b] => (item=manifests)

changed: [puppmaster-b2b] => (item=templates)

TASK [puppetmaster : Create STDLIB Modules Manifests subdirectory] *************
changed: [puppmaster-b2b]


TASK [puppetmaster : Create Filebeat Modules Manifests subdirectory] ***********
skipping: [puppmaster-b2b] => (item=manifests) 
skipping: [puppmaster-b2b] => (item=templates) 

TASK [puppetmaster : Provide puppet environment] *******************************

changed: [puppmaster-b2b]

TASK [puppetmaster : Check defaults manifests node] ****************************
ok: [puppmaster-b2b]


TASK [puppetmaster : Create defaults manifests] ********************************
changed: [puppmaster-b2b]

TASK [puppetmaster : iptables modules] *****************************************
skipping: [puppmaster-b2b]


TASK [puppetmaster : ssh_keys modules] *****************************************
included: /ansible/puppet/roles/puppetmaster/tasks/ssh_keys.yml for puppmaster-b2b

TASK [puppetmaster : Get Additional IP] ****************************************

changed: [puppmaster-b2b -> localhost]

TASK [puppetmaster : User] *****************************************************
ok: [puppmaster-b2b]


TASK [puppetmaster : User] *****************************************************
ok: [puppmaster-b2b]

TASK [puppetmaster : ssh-password-auth] ****************************************
skipping: [puppmaster-b2b]


TASK [puppetmaster : Append users] *********************************************
skipping: [puppmaster-b2b]

TASK [puppetmaster : Append users b2b dc] **************************************

ok: [puppmaster-b2b]

TASK [puppetmaster : Append users b2b] *****************************************
skipping: [puppmaster-b2b]


TASK [puppetmaster : Get sshd config config] ***********************************
changed: [puppmaster-b2b]

TASK [puppetmaster : Get sshd puppet] ******************************************
changed: [puppmaster-b2b]


TASK [puppetmaster : Get ssh keys] *********************************************
changed: [puppmaster-b2b]

TASK [puppetmaster : Get ssh keys] *********************************************

changed: [puppmaster-b2b]

TASK [puppetmaster : Get ssh root keys] ****************************************
changed: [puppmaster-b2b]


TASK [puppetmaster : filebeat modules] *****************************************
skipping: [puppmaster-b2b]

PLAY [b2b-docker_sw] ***********************************************************


TASK [Gathering Facts] *********************************************************
ok: [172.16.122.82]
ok: [172.16.122.81]
ok: [172.16.122.130]
ok: [172.16.122.115]

ok: [172.16.122.129]
ok: [172.16.122.70]
ok: [172.16.122.127]
ok: [172.16.122.131]
ok: [172.16.122.133]

ok: [172.16.122.135]
ok: [172.16.122.132]
ok: [172.16.122.111]
ok: [172.16.122.126]
ok: [172.16.122.136]

ok: [172.16.123.221]
ok: [172.16.123.222]
ok: [172.16.122.134]
 [WARNING]: Unhandled error in Python interpreter discovery for host
172.16.122.128: Failed to connect to the host via ssh: ssh: connect to host

172.16.122.128 port 28032: Connection timed out
ok: [172.16.122.118]
fatal: [172.16.122.128]: UNREACHABLE! => {"changed": false, "msg": "Data could not be sent to remote host \"172.16.122.128\". Make sure this host can be reached over ssh: ssh: connect to host 172.16.122.128 port 28032: Connection timed out\r\n", "unreachable": true}

TASK [add-repo : set_fact] *****************************************************

skipping: [172.16.122.70]
skipping: [172.16.122.81]
skipping: [172.16.122.82]
skipping: [172.16.122.111]
skipping: [172.16.122.115]

skipping: [172.16.122.126]
skipping: [172.16.122.127]
skipping: [172.16.122.129]
skipping: [172.16.122.130]
skipping: [172.16.122.131]

skipping: [172.16.122.132]
skipping: [172.16.122.133]
skipping: [172.16.122.134]
skipping: [172.16.122.135]
skipping: [172.16.122.136]

skipping: [172.16.122.118]
skipping: [172.16.123.221]
skipping: [172.16.123.222]

TASK [add-repo : Read hostvars] ************************************************

changed: [172.16.122.70 -> localhost]

TASK [add-repo : Create Json Template] *****************************************
skipping: [172.16.122.70]


TASK [add-repo : Append Json Data] *********************************************
skipping: [172.16.122.70]

TASK [add-repo : remove ansible block] *****************************************
skipping: [172.16.122.70]


TASK [add-repo : get value for iptables] ***************************************
changed: [172.16.122.70 -> localhost]

TASK [add-repo : check data] ***************************************************

ok: [172.16.122.70 -> localhost]

TASK [add-repo : get value for ssh_keys] ***************************************
changed: [172.16.122.70 -> localhost]


TASK [add-repo : check data] ***************************************************
ok: [172.16.122.70 -> localhost]

TASK [add-repo : get value for filebeat] ***************************************
changed: [172.16.122.70 -> localhost]


TASK [add-repo : check data] ***************************************************
ok: [172.16.122.70 -> localhost]

TASK [add-repo : Copy Centos Base Repo] ****************************************

skipping: [172.16.122.70]
skipping: [172.16.122.81]
skipping: [172.16.122.82]
skipping: [172.16.122.111]
skipping: [172.16.122.115]

skipping: [172.16.122.126]
skipping: [172.16.122.127]
skipping: [172.16.122.129]
skipping: [172.16.122.130]
skipping: [172.16.122.131]

skipping: [172.16.122.132]
skipping: [172.16.122.133]
skipping: [172.16.122.134]
skipping: [172.16.122.135]
skipping: [172.16.122.136]

skipping: [172.16.122.118]
skipping: [172.16.123.221]
skipping: [172.16.123.222]

TASK [add-repo : install the latest version of yum-utils] **********************

ok: [172.16.122.81]
ok: [172.16.122.70]
ok: [172.16.122.82]
ok: [172.16.122.127]
ok: [172.16.122.129]

ok: [172.16.122.111]
ok: [172.16.122.130]
ok: [172.16.122.132]
ok: [172.16.122.115]
ok: [172.16.122.131]

ok: [172.16.122.134]
ok: [172.16.122.133]
ok: [172.16.122.126]
ok: [172.16.122.135]
ok: [172.16.122.136]

ok: [172.16.123.221]
ok: [172.16.122.118]
fatal: [172.16.123.222]: FAILED! => {"changed": false, "msg": "Failure talking to yum: failure: repodata/repomd.xml from puppet: [Errno 256] No more mirrors to try.\nhttp://yum.puppetlabs.com/puppet/el/7/x86_64/repodata/repomd.xml: [Errno 14] curl#6 - \"Could not resolve host: yum.puppetlabs.com; Unknown error\""}
...ignoring


TASK [add-repo : check if puppet is installed] *********************************
fatal: [172.16.122.81]: FAILED! => {"changed": false, "module_stderr": "Warning: Permanently added '[172.16.122.81]:28032' (ECDSA) to the list of known hosts.\r\ncat: /tmp/namenot: No such file or directory\ncat: a: No such file or directory\ncat: tty: No such file or directory\n/root/.bashrc: line 17: /tmp/name${UNIQTTY}: ambiguous redirect\nTraceback (most recent call last):\n  File \"<stdin>\", line 114, in <module>\n  File \"<stdin>\", line 106, in _ansiballz_main\n  File \"<stdin>\", line 49, in invoke_module\n  File \"/tmp/ansible_yum_payload_eYVUPu/__main__.py\", line 1608, in <module>\n  File \"/tmp/ansible_yum_payload_eYVUPu/__main__.py\", line 1604, in main\n  File \"/tmp/ansible_yum_payload_eYVUPu/__main__.py\", line 1536, in run\n  File \"/tmp/ansible_yum_payload_eYVUPu/__main__.py\", line 810, in list_stuff\n  File \"/tmp/ansible_yum_payload_eYVUPu/__main__.py\", line 751, in pkg_to_dict\nValueError: need more than 1 value to unpack\n", "module_stdout": "", "msg": "MODULE FAILURE\nSee stdout/stderr for the exact error", "rc": 1}
...ignoring
fatal: [172.16.122.82]: FAILED! => {"changed": false, "module_stderr": "Warning: Permanently added '[172.16.122.82]:28032' (ECDSA) to the list of known hosts.\r\ncat: /tmp/namenot: No such file or directory\ncat: a: No such file or directory\ncat: tty: No such file or directory\n/root/.bashrc: line 17: /tmp/name${UNIQTTY}: ambiguous redirect\nTraceback (most recent call last):\n  File \"<stdin>\", line 114, in <module>\n  File \"<stdin>\", line 106, in _ansiballz_main\n  File \"<stdin>\", line 49, in invoke_module\n  File \"/tmp/ansible_yum_payload_ipECAJ/__main__.py\", line 1608, in <module>\n  File \"/tmp/ansible_yum_payload_ipECAJ/__main__.py\", line 1604, in main\n  File \"/tmp/ansible_yum_payload_ipECAJ/__main__.py\", line 1536, in run\n  File \"/tmp/ansible_yum_payload_ipECAJ/__main__.py\", line 810, in list_stuff\n  File \"/tmp/ansible_yum_payload_ipECAJ/__main__.py\", line 751, in pkg_to_dict\nValueError: need more than 1 value to unpack\n", "module_stdout": "", "msg": "MODULE FAILURE\nSee stdout/stderr for the exact error", "rc": 1}
...ignoring

fatal: [172.16.122.127]: FAILED! => {"changed": false, "module_stderr": "Warning: Permanently added '[172.16.122.127]:28032' (ECDSA) to the list of known hosts.\r\ncat: /tmp/namenot: No such file or directory\ncat: a: No such file or directory\ncat: tty: No such file or directory\n/root/.bashrc: line 17: /tmp/name${UNIQTTY}: ambiguous redirect\nTraceback (most recent call last):\n  File \"<stdin>\", line 114, in <module>\n  File \"<stdin>\", line 106, in _ansiballz_main\n  File \"<stdin>\", line 49, in invoke_module\n  File \"/tmp/ansible_yum_payload_jS0AoF/__main__.py\", line 1608, in <module>\n  File \"/tmp/ansible_yum_payload_jS0AoF/__main__.py\", line 1604, in main\n  File \"/tmp/ansible_yum_payload_jS0AoF/__main__.py\", line 1536, in run\n  File \"/tmp/ansible_yum_payload_jS0AoF/__main__.py\", line 810, in list_stuff\n  File \"/tmp/ansible_yum_payload_jS0AoF/__main__.py\", line 751, in pkg_to_dict\nValueError: need more than 1 value to unpack\n", "module_stdout": "", "msg": "MODULE FAILURE\nSee stdout/stderr for the exact error", "rc": 1}
...ignoring
fatal: [172.16.122.129]: FAILED! => {"changed": false, "module_stderr": "Warning: Permanently added '[172.16.122.129]:28032' (ECDSA) to the list of known hosts.\r\ncat: /tmp/namenot: No such file or directory\ncat: a: No such file or directory\ncat: tty: No such file or directory\n/root/.bashrc: line 17: /tmp/name${UNIQTTY}: ambiguous redirect\nTraceback (most recent call last):\n  File \"<stdin>\", line 114, in <module>\n  File \"<stdin>\", line 106, in _ansiballz_main\n  File \"<stdin>\", line 49, in invoke_module\n  File \"/tmp/ansible_yum_payload_bbOcgq/__main__.py\", line 1608, in <module>\n  File \"/tmp/ansible_yum_payload_bbOcgq/__main__.py\", line 1604, in main\n  File \"/tmp/ansible_yum_payload_bbOcgq/__main__.py\", line 1536, in run\n  File \"/tmp/ansible_yum_payload_bbOcgq/__main__.py\", line 810, in list_stuff\n  File \"/tmp/ansible_yum_payload_bbOcgq/__main__.py\", line 751, in pkg_to_dict\nValueError: need more than 1 value to unpack\n", "module_stdout": "", "msg": "MODULE FAILURE\nSee stdout/stderr for the exact error", "rc": 1}
...ignoring
fatal: [172.16.122.130]: FAILED! => {"changed": false, "module_stderr": "Warning: Permanently added '[172.16.122.130]:28032' (ECDSA) to the list of known hosts.\r\ncat: /tmp/namenot: No such file or directory\ncat: a: No such file or directory\ncat: tty: No such file or directory\n/root/.bashrc: line 17: /tmp/name${UNIQTTY}: ambiguous redirect\nTraceback (most recent call last):\n  File \"<stdin>\", line 114, in <module>\n  File \"<stdin>\", line 106, in _ansiballz_main\n  File \"<stdin>\", line 49, in invoke_module\n  File \"/tmp/ansible_yum_payload_CSMht9/__main__.py\", line 1608, in <module>\n  File \"/tmp/ansible_yum_payload_CSMht9/__main__.py\", line 1604, in main\n  File \"/tmp/ansible_yum_payload_CSMht9/__main__.py\", line 1536, in run\n  File \"/tmp/ansible_yum_payload_CSMht9/__main__.py\", line 810, in list_stuff\n  File \"/tmp/ansible_yum_payload_CSMht9/__main__.py\", line 751, in pkg_to_dict\nValueError: need more than 1 value to unpack\n", "module_stdout": "", "msg": "MODULE FAILURE\nSee stdout/stderr for the exact error", "rc": 1}

...ignoring
fatal: [172.16.122.131]: FAILED! => {"changed": false, "module_stderr": "Warning: Permanently added '[172.16.122.131]:28032' (ECDSA) to the list of known hosts.\r\ncat: /tmp/namenot: No such file or directory\ncat: a: No such file or directory\ncat: tty: No such file or directory\n/root/.bashrc: line 17: /tmp/name${UNIQTTY}: ambiguous redirect\nTraceback (most recent call last):\n  File \"<stdin>\", line 114, in <module>\n  File \"<stdin>\", line 106, in _ansiballz_main\n  File \"<stdin>\", line 49, in invoke_module\n  File \"/tmp/ansible_yum_payload_wb9gdn/__main__.py\", line 1608, in <module>\n  File \"/tmp/ansible_yum_payload_wb9gdn/__main__.py\", line 1604, in main\n  File \"/tmp/ansible_yum_payload_wb9gdn/__main__.py\", line 1536, in run\n  File \"/tmp/ansible_yum_payload_wb9gdn/__main__.py\", line 810, in list_stuff\n  File \"/tmp/ansible_yum_payload_wb9gdn/__main__.py\", line 751, in pkg_to_dict\nValueError: need more than 1 value to unpack\n", "module_stdout": "", "msg": "MODULE FAILURE\nSee stdout/stderr for the exact error", "rc": 1}
...ignoring
fatal: [172.16.122.132]: FAILED! => {"changed": false, "module_stderr": "Warning: Permanently added '[172.16.122.132]:28032' (ECDSA) to the list of known hosts.\r\ncat: /tmp/namenot: No such file or directory\ncat: a: No such file or directory\ncat: tty: No such file or directory\n/root/.bashrc: line 17: /tmp/name${UNIQTTY}: ambiguous redirect\nTraceback (most recent call last):\n  File \"<stdin>\", line 114, in <module>\n  File \"<stdin>\", line 106, in _ansiballz_main\n  File \"<stdin>\", line 49, in invoke_module\n  File \"/tmp/ansible_yum_payload_KBaLkM/__main__.py\", line 1608, in <module>\n  File \"/tmp/ansible_yum_payload_KBaLkM/__main__.py\", line 1604, in main\n  File \"/tmp/ansible_yum_payload_KBaLkM/__main__.py\", line 1536, in run\n  File \"/tmp/ansible_yum_payload_KBaLkM/__main__.py\", line 810, in list_stuff\n  File \"/tmp/ansible_yum_payload_KBaLkM/__main__.py\", line 751, in pkg_to_dict\nValueError: need more than 1 value to unpack\n", "module_stdout": "", "msg": "MODULE FAILURE\nSee stdout/stderr for the exact error", "rc": 1}
...ignoring

fatal: [172.16.122.133]: FAILED! => {"changed": false, "module_stderr": "Warning: Permanently added '[172.16.122.133]:28032' (ECDSA) to the list of known hosts.\r\ncat: /tmp/namenot: No such file or directory\ncat: a: No such file or directory\ncat: tty: No such file or directory\n/root/.bashrc: line 17: /tmp/name${UNIQTTY}: ambiguous redirect\nTraceback (most recent call last):\n  File \"<stdin>\", line 114, in <module>\n  File \"<stdin>\", line 106, in _ansiballz_main\n  File \"<stdin>\", line 49, in invoke_module\n  File \"/tmp/ansible_yum_payload_lT3x0M/__main__.py\", line 1608, in <module>\n  File \"/tmp/ansible_yum_payload_lT3x0M/__main__.py\", line 1604, in main\n  File \"/tmp/ansible_yum_payload_lT3x0M/__main__.py\", line 1536, in run\n  File \"/tmp/ansible_yum_payload_lT3x0M/__main__.py\", line 810, in list_stuff\n  File \"/tmp/ansible_yum_payload_lT3x0M/__main__.py\", line 751, in pkg_to_dict\nValueError: need more than 1 value to unpack\n", "module_stdout": "", "msg": "MODULE FAILURE\nSee stdout/stderr for the exact error", "rc": 1}
...ignoring
fatal: [172.16.122.135]: FAILED! => {"changed": false, "module_stderr": "Warning: Permanently added '[172.16.122.135]:28032' (ECDSA) to the list of known hosts.\r\ncat: /tmp/namenot: No such file or directory\ncat: a: No such file or directory\ncat: tty: No such file or directory\n/root/.bashrc: line 17: /tmp/name${UNIQTTY}: ambiguous redirect\nTraceback (most recent call last):\n  File \"<stdin>\", line 114, in <module>\n  File \"<stdin>\", line 106, in _ansiballz_main\n  File \"<stdin>\", line 49, in invoke_module\n  File \"/tmp/ansible_yum_payload_rekw9Y/__main__.py\", line 1608, in <module>\n  File \"/tmp/ansible_yum_payload_rekw9Y/__main__.py\", line 1604, in main\n  File \"/tmp/ansible_yum_payload_rekw9Y/__main__.py\", line 1536, in run\n  File \"/tmp/ansible_yum_payload_rekw9Y/__main__.py\", line 810, in list_stuff\n  File \"/tmp/ansible_yum_payload_rekw9Y/__main__.py\", line 751, in pkg_to_dict\nValueError: need more than 1 value to unpack\n", "module_stdout": "", "msg": "MODULE FAILURE\nSee stdout/stderr for the exact error", "rc": 1}
...ignoring
fatal: [172.16.123.222]: FAILED! => {"changed": false, "msg": "repoquery is required to use list= with this module. Please install the yum-utils package."}

...ignoring
fatal: [172.16.122.136]: FAILED! => {"changed": false, "module_stderr": "Warning: Permanently added '[172.16.122.136]:28032' (ECDSA) to the list of known hosts.\r\ncat: /tmp/namenot: No such file or directory\ncat: a: No such file or directory\ncat: tty: No such file or directory\n/root/.bashrc: line 17: /tmp/name${UNIQTTY}: ambiguous redirect\nTraceback (most recent call last):\n  File \"<stdin>\", line 114, in <module>\n  File \"<stdin>\", line 106, in _ansiballz_main\n  File \"<stdin>\", line 49, in invoke_module\n  File \"/tmp/ansible_yum_payload_Iya8p5/__main__.py\", line 1608, in <module>\n  File \"/tmp/ansible_yum_payload_Iya8p5/__main__.py\", line 1604, in main\n  File \"/tmp/ansible_yum_payload_Iya8p5/__main__.py\", line 1536, in run\n  File \"/tmp/ansible_yum_payload_Iya8p5/__main__.py\", line 810, in list_stuff\n  File \"/tmp/ansible_yum_payload_Iya8p5/__main__.py\", line 751, in pkg_to_dict\nValueError: need more than 1 value to unpack\n", "module_stdout": "", "msg": "MODULE FAILURE\nSee stdout/stderr for the exact error", "rc": 1}
...ignoring
ok: [172.16.122.111]
ok: [172.16.122.70]

ok: [172.16.122.115]
ok: [172.16.122.134]
ok: [172.16.122.126]
fatal: [172.16.123.221]: FAILED! => {"changed": false, "module_stderr": "Warning: Permanently added '[172.16.123.221]:28032' (ECDSA) to the list of known hosts.\r\ncat: /tmp/namenot: No such file or directory\ncat: a: No such file or directory\ncat: tty: No such file or directory\n/root/.bashrc: line 17: /tmp/name${UNIQTTY}: ambiguous redirect\nTraceback (most recent call last):\n  File \"<stdin>\", line 114, in <module>\n  File \"<stdin>\", line 106, in _ansiballz_main\n  File \"<stdin>\", line 49, in invoke_module\n  File \"/tmp/ansible_yum_payload_vKpgEj/__main__.py\", line 1608, in <module>\n  File \"/tmp/ansible_yum_payload_vKpgEj/__main__.py\", line 1604, in main\n  File \"/tmp/ansible_yum_payload_vKpgEj/__main__.py\", line 1536, in run\n  File \"/tmp/ansible_yum_payload_vKpgEj/__main__.py\", line 810, in list_stuff\n  File \"/tmp/ansible_yum_payload_vKpgEj/__main__.py\", line 751, in pkg_to_dict\nValueError: need more than 1 value to unpack\n", "module_stdout": "", "msg": "MODULE FAILURE\nSee stdout/stderr for the exact error", "rc": 1}
...ignoring

ok: [172.16.122.118]

TASK [add-repo : include_tasks] ************************************************
skipping: [172.16.122.70]
skipping: [172.16.122.81]

skipping: [172.16.122.82]
skipping: [172.16.122.111]
skipping: [172.16.122.115]
skipping: [172.16.122.126]
skipping: [172.16.122.127]

skipping: [172.16.122.129]
skipping: [172.16.122.130]
skipping: [172.16.122.131]
skipping: [172.16.122.132]
skipping: [172.16.122.133]

skipping: [172.16.122.134]
skipping: [172.16.122.135]
skipping: [172.16.122.136]
skipping: [172.16.122.118]
skipping: [172.16.123.221]

skipping: [172.16.123.222]

TASK [add-repo : include_tasks] ************************************************
skipping: [172.16.122.70]
skipping: [172.16.122.81]

skipping: [172.16.122.82]
skipping: [172.16.122.111]
skipping: [172.16.122.115]
skipping: [172.16.122.126]
skipping: [172.16.122.127]

skipping: [172.16.122.129]
skipping: [172.16.122.130]
skipping: [172.16.122.131]
skipping: [172.16.122.132]
skipping: [172.16.122.133]

skipping: [172.16.122.134]
skipping: [172.16.122.135]
skipping: [172.16.122.136]
skipping: [172.16.122.118]
skipping: [172.16.123.221]

skipping: [172.16.123.222]

TASK [add-repo : include_tasks] ************************************************
skipping: [172.16.122.70]
fatal: [172.16.122.81]: FAILED! => {"msg": "The conditional check 'ins_pup.results | selectattr(\"yumstate\", \"match\", \"installed\") | list | length == 0' failed. The error was: error while evaluating conditional (ins_pup.results | selectattr(\"yumstate\", \"match\", \"installed\") | list | length == 0): 'dict object' has no attribute 'results'\n\nThe error appears to be in '/ansible/puppet/roles/add-repo/tasks/main.yml': line 113, column 6, but may\nbe elsewhere in the file depending on the exact syntax problem.\n\nThe offending line appears to be:\n\n        - ins_pup.results | selectattr(\"yumstate\", \"match\", \"installed\") | list | length == 0\n   - include_tasks: rpm-repo-cen7-64-bit.yml\n     ^ here\n"}

fatal: [172.16.122.82]: FAILED! => {"msg": "The conditional check 'ins_pup.results | selectattr(\"yumstate\", \"match\", \"installed\") | list | length == 0' failed. The error was: error while evaluating conditional (ins_pup.results | selectattr(\"yumstate\", \"match\", \"installed\") | list | length == 0): 'dict object' has no attribute 'results'\n\nThe error appears to be in '/ansible/puppet/roles/add-repo/tasks/main.yml': line 113, column 6, but may\nbe elsewhere in the file depending on the exact syntax problem.\n\nThe offending line appears to be:\n\n        - ins_pup.results | selectattr(\"yumstate\", \"match\", \"installed\") | list | length == 0\n   - include_tasks: rpm-repo-cen7-64-bit.yml\n     ^ here\n"}
skipping: [172.16.122.111]
skipping: [172.16.122.115]
skipping: [172.16.122.126]
fatal: [172.16.122.127]: FAILED! => {"msg": "The conditional check 'ins_pup.results | selectattr(\"yumstate\", \"match\", \"installed\") | list | length == 0' failed. The error was: error while evaluating conditional (ins_pup.results | selectattr(\"yumstate\", \"match\", \"installed\") | list | length == 0): 'dict object' has no attribute 'results'\n\nThe error appears to be in '/ansible/puppet/roles/add-repo/tasks/main.yml': line 113, column 6, but may\nbe elsewhere in the file depending on the exact syntax problem.\n\nThe offending line appears to be:\n\n        - ins_pup.results | selectattr(\"yumstate\", \"match\", \"installed\") | list | length == 0\n   - include_tasks: rpm-repo-cen7-64-bit.yml\n     ^ here\n"}

fatal: [172.16.122.129]: FAILED! => {"msg": "The conditional check 'ins_pup.results | selectattr(\"yumstate\", \"match\", \"installed\") | list | length == 0' failed. The error was: error while evaluating conditional (ins_pup.results | selectattr(\"yumstate\", \"match\", \"installed\") | list | length == 0): 'dict object' has no attribute 'results'\n\nThe error appears to be in '/ansible/puppet/roles/add-repo/tasks/main.yml': line 113, column 6, but may\nbe elsewhere in the file depending on the exact syntax problem.\n\nThe offending line appears to be:\n\n        - ins_pup.results | selectattr(\"yumstate\", \"match\", \"installed\") | list | length == 0\n   - include_tasks: rpm-repo-cen7-64-bit.yml\n     ^ here\n"}
fatal: [172.16.122.130]: FAILED! => {"msg": "The conditional check 'ins_pup.results | selectattr(\"yumstate\", \"match\", \"installed\") | list | length == 0' failed. The error was: error while evaluating conditional (ins_pup.results | selectattr(\"yumstate\", \"match\", \"installed\") | list | length == 0): 'dict object' has no attribute 'results'\n\nThe error appears to be in '/ansible/puppet/roles/add-repo/tasks/main.yml': line 113, column 6, but may\nbe elsewhere in the file depending on the exact syntax problem.\n\nThe offending line appears to be:\n\n        - ins_pup.results | selectattr(\"yumstate\", \"match\", \"installed\") | list | length == 0\n   - include_tasks: rpm-repo-cen7-64-bit.yml\n     ^ here\n"}
fatal: [172.16.122.131]: FAILED! => {"msg": "The conditional check 'ins_pup.results | selectattr(\"yumstate\", \"match\", \"installed\") | list | length == 0' failed. The error was: error while evaluating conditional (ins_pup.results | selectattr(\"yumstate\", \"match\", \"installed\") | list | length == 0): 'dict object' has no attribute 'results'\n\nThe error appears to be in '/ansible/puppet/roles/add-repo/tasks/main.yml': line 113, column 6, but may\nbe elsewhere in the file depending on the exact syntax problem.\n\nThe offending line appears to be:\n\n        - ins_pup.results | selectattr(\"yumstate\", \"match\", \"installed\") | list | length == 0\n   - include_tasks: rpm-repo-cen7-64-bit.yml\n     ^ here\n"}
fatal: [172.16.122.132]: FAILED! => {"msg": "The conditional check 'ins_pup.results | selectattr(\"yumstate\", \"match\", \"installed\") | list | length == 0' failed. The error was: error while evaluating conditional (ins_pup.results | selectattr(\"yumstate\", \"match\", \"installed\") | list | length == 0): 'dict object' has no attribute 'results'\n\nThe error appears to be in '/ansible/puppet/roles/add-repo/tasks/main.yml': line 113, column 6, but may\nbe elsewhere in the file depending on the exact syntax problem.\n\nThe offending line appears to be:\n\n        - ins_pup.results | selectattr(\"yumstate\", \"match\", \"installed\") | list | length == 0\n   - include_tasks: rpm-repo-cen7-64-bit.yml\n     ^ here\n"}
fatal: [172.16.122.133]: FAILED! => {"msg": "The conditional check 'ins_pup.results | selectattr(\"yumstate\", \"match\", \"installed\") | list | length == 0' failed. The error was: error while evaluating conditional (ins_pup.results | selectattr(\"yumstate\", \"match\", \"installed\") | list | length == 0): 'dict object' has no attribute 'results'\n\nThe error appears to be in '/ansible/puppet/roles/add-repo/tasks/main.yml': line 113, column 6, but may\nbe elsewhere in the file depending on the exact syntax problem.\n\nThe offending line appears to be:\n\n        - ins_pup.results | selectattr(\"yumstate\", \"match\", \"installed\") | list | length == 0\n   - include_tasks: rpm-repo-cen7-64-bit.yml\n     ^ here\n"}

skipping: [172.16.122.134]
fatal: [172.16.122.135]: FAILED! => {"msg": "The conditional check 'ins_pup.results | selectattr(\"yumstate\", \"match\", \"installed\") | list | length == 0' failed. The error was: error while evaluating conditional (ins_pup.results | selectattr(\"yumstate\", \"match\", \"installed\") | list | length == 0): 'dict object' has no attribute 'results'\n\nThe error appears to be in '/ansible/puppet/roles/add-repo/tasks/main.yml': line 113, column 6, but may\nbe elsewhere in the file depending on the exact syntax problem.\n\nThe offending line appears to be:\n\n        - ins_pup.results | selectattr(\"yumstate\", \"match\", \"installed\") | list | length == 0\n   - include_tasks: rpm-repo-cen7-64-bit.yml\n     ^ here\n"}
fatal: [172.16.122.136]: FAILED! => {"msg": "The conditional check 'ins_pup.results | selectattr(\"yumstate\", \"match\", \"installed\") | list | length == 0' failed. The error was: error while evaluating conditional (ins_pup.results | selectattr(\"yumstate\", \"match\", \"installed\") | list | length == 0): 'dict object' has no attribute 'results'\n\nThe error appears to be in '/ansible/puppet/roles/add-repo/tasks/main.yml': line 113, column 6, but may\nbe elsewhere in the file depending on the exact syntax problem.\n\nThe offending line appears to be:\n\n        - ins_pup.results | selectattr(\"yumstate\", \"match\", \"installed\") | list | length == 0\n   - include_tasks: rpm-repo-cen7-64-bit.yml\n     ^ here\n"}
skipping: [172.16.122.118]
fatal: [172.16.123.221]: FAILED! => {"msg": "The conditional check 'ins_pup.results | selectattr(\"yumstate\", \"match\", \"installed\") | list | length == 0' failed. The error was: error while evaluating conditional (ins_pup.results | selectattr(\"yumstate\", \"match\", \"installed\") | list | length == 0): 'dict object' has no attribute 'results'\n\nThe error appears to be in '/ansible/puppet/roles/add-repo/tasks/main.yml': line 113, column 6, but may\nbe elsewhere in the file depending on the exact syntax problem.\n\nThe offending line appears to be:\n\n        - ins_pup.results | selectattr(\"yumstate\", \"match\", \"installed\") | list | length == 0\n   - include_tasks: rpm-repo-cen7-64-bit.yml\n     ^ here\n"}

fatal: [172.16.123.222]: FAILED! => {"msg": "The conditional check 'ins_pup.results | selectattr(\"yumstate\", \"match\", \"installed\") | list | length == 0' failed. The error was: error while evaluating conditional (ins_pup.results | selectattr(\"yumstate\", \"match\", \"installed\") | list | length == 0): 'dict object' has no attribute 'results'\n\nThe error appears to be in '/ansible/puppet/roles/add-repo/tasks/main.yml': line 113, column 6, but may\nbe elsewhere in the file depending on the exact syntax problem.\n\nThe offending line appears to be:\n\n        - ins_pup.results | selectattr(\"yumstate\", \"match\", \"installed\") | list | length == 0\n   - include_tasks: rpm-repo-cen7-64-bit.yml\n     ^ here\n"}

TASK [puppet : set_fact] *******************************************************
skipping: [172.16.122.70]
skipping: [172.16.122.111]

skipping: [172.16.122.115]
skipping: [172.16.122.126]
skipping: [172.16.122.134]
skipping: [172.16.122.118]


TASK [puppet : Read hostvars] **************************************************
changed: [172.16.122.70 -> localhost]

TASK [puppet : Create Json Template] *******************************************
skipping: [172.16.122.70]


TASK [puppet : Append Json Data] ***********************************************
skipping: [172.16.122.70]

TASK [puppet : remove ansible block] *******************************************

skipping: [172.16.122.70]

TASK [puppet : get value for iptables] *****************************************
changed: [172.16.122.70 -> localhost]


TASK [puppet : check data] *****************************************************
ok: [172.16.122.70 -> localhost]

TASK [puppet : get value for ssh_keys] *****************************************
changed: [172.16.122.70 -> localhost]


TASK [puppet : check data] *****************************************************
ok: [172.16.122.70 -> localhost]

TASK [puppet : get value for filebeat] *****************************************

changed: [172.16.122.70 -> localhost]

TASK [puppet : check data] *****************************************************
ok: [172.16.122.70 -> localhost]


TASK [puppet : set_fact] *******************************************************
ok: [172.16.122.70]
ok: [172.16.122.111]
ok: [172.16.122.115]
ok: [172.16.122.126]

ok: [172.16.122.134]
ok: [172.16.122.118]

TASK [puppet : install curl] ***************************************************
skipping: [172.16.122.70]

skipping: [172.16.122.111]
skipping: [172.16.122.115]
skipping: [172.16.122.126]
skipping: [172.16.122.134]
skipping: [172.16.122.118]


TASK [puppet : Get IP b2b dc] **************************************************
changed: [172.16.122.70]
changed: [172.16.122.111]
changed: [172.16.122.115]

changed: [172.16.122.126]
changed: [172.16.122.134]
changed: [172.16.122.118]

TASK [puppet : Get ipset] ******************************************************

ok: [172.16.122.70]
ok: [172.16.122.111]
ok: [172.16.122.115]
ok: [172.16.122.126]
ok: [172.16.122.134]

ok: [172.16.122.118]

TASK [puppet : Get IP] *********************************************************
skipping: [172.16.122.70]
skipping: [172.16.122.111]

skipping: [172.16.122.115]
skipping: [172.16.122.126]
skipping: [172.16.122.134]
skipping: [172.16.122.118]


TASK [puppet : Get ipset] ******************************************************
skipping: [172.16.122.70]
skipping: [172.16.122.111]
skipping: [172.16.122.115]
skipping: [172.16.122.126]

skipping: [172.16.122.134]
skipping: [172.16.122.118]

TASK [puppet : Get ipset] ******************************************************
ok: [172.16.122.70] => {

    "msg": "172.16.122.70"
}
ok: [172.16.122.111] => {
    "msg": "172.16.122.111"
}

ok: [172.16.122.115] => {
    "msg": "172.16.122.115"
}
ok: [172.16.122.126] => {
    "msg": "172.16.122.126"

}
ok: [172.16.122.134] => {
    "msg": "172.16.122.134"
}
ok: [172.16.122.118] => {

MAX RETRIES EXECUTED, COMMAND NOT RESPONDING